<?xml version="1.0" encoding="UTF-8"?>
<!-- Generated by org.testng.reporters.JUnitReportReporter -->
<testsuite hostname="Mds-MacBook-Pro-2.local" name="testCases.RegressionTest" tests="1" failures="0" timestamp="10 Jan 2015 19:04:09 GMT" time="8.757" errors="0">
  <testcase name="testProfilePage" time="8.757" classname="testCases.RegressionTest"/>
</testsuite> <!-- testCases.RegressionTest -->
