<?xml version="1.0" encoding="UTF-8"?>
<!-- Generated by org.testng.reporters.JUnitReportReporter -->
<testsuite hostname="Mds-MacBook-Pro-2.local" name="testCases.RegressionTest" tests="2" failures="0" timestamp="3 Jan 2015 20:54:43 GMT" time="24.488" errors="0">
  <testcase name="testProfilePage" time="6.907" classname="testCases.RegressionTest"/>
  <testcase name="testFacebookLogin" time="17.581" classname="testCases.RegressionTest"/>
</testsuite> <!-- testCases.RegressionTest -->
