<?xml version="1.0" encoding="UTF-8"?>
<!-- Generated by org.testng.reporters.JUnitReportReporter -->
<testsuite hostname="Mds-MacBook-Pro-2.local" name="testCases.RegressionTest" tests="2" failures="0" timestamp="4 Jan 2015 17:25:50 GMT" time="10.448" errors="0">
  <testcase name="testFacebookLogin" time="7.187" classname="testCases.RegressionTest"/>
  <testcase name="testProfilePage" time="3.261" classname="testCases.RegressionTest"/>
</testsuite> <!-- testCases.RegressionTest -->
